This is pdfTeX, Version 3.14159265-2.6-1.40.17 (TeX Live 2016) (preloaded format=pdflatex 2016.5.22)  12 APR 2018 22:55
entering extended mode
 restricted \write18 enabled.
 file:line:error style messages enabled.
 %&-line parsing enabled.
**permute_prisons.tex
(./permute_prisons.tex
LaTeX2e <2016/03/31>
Babel <3.9r> and hyphenation patterns for 83 language(s) loaded.

./permute_prisons.tex:1: LaTeX Error: Environment table undefined.

See the LaTeX manual or LaTeX Companion for explanation.
Type  H <return>  for immediate help.
 ...                                              
                                                  
l.1 \begin{table}
                 [htbp]\centering
? 
./permute_prisons.tex:1: Emergency stop.
 ...                                              
                                                  
l.1 \begin{table}
                 [htbp]\centering
Your command was ignored.
Type  I <command> <return>  to replace it with another command,
or  <return>  to continue without it.

 
Here is how much of TeX's memory you used:
 7 strings out of 493014
 300 string characters out of 6133351
 53601 words of memory out of 5000000
 3649 multiletter control sequences out of 15000+600000
 3640 words of font info for 14 fonts, out of 8000000 for 9000
 1141 hyphenation exceptions out of 8191
 5i,0n,4p,57b,16s stack positions out of 5000i,500n,10000p,200000b,80000s
./permute_prisons.tex:1:  ==> Fatal error occurred, no output PDF file produced
!
